

Started GET "/assets/rails.png" for 127.0.0.1 at Mon Nov 26 10:00:05 +0100 2012
Connecting to database specified by database.yml

Mysql2::Error (Unknown database 'lowendapp_development'):
  mysql2 (0.3.11) lib/mysql2/client.rb:44:in `connect'
  mysql2 (0.3.11) lib/mysql2/client.rb:44:in `initialize'
  activerecord (3.2.9) lib/active_record/connection_adapters/mysql2_adapter.rb:16:in `new'
  activerecord (3.2.9) lib/active_record/connection_adapters/mysql2_adapter.rb:16:in `mysql2_connection'
  activerecord (3.2.9) lib/active_record/connection_adapters/abstract/connection_pool.rb:315:in `send'
  activerecord (3.2.9) lib/active_record/connection_adapters/abstract/connection_pool.rb:315:in `new_connection'
  activerecord (3.2.9) lib/active_record/connection_adapters/abstract/connection_pool.rb:325:in `checkout_new_connection'
  activerecord (3.2.9) lib/active_record/connection_adapters/abstract/connection_pool.rb:247:in `checkout'
  activerecord (3.2.9) lib/active_record/connection_adapters/abstract/connection_pool.rb:242:in `loop'
  activerecord (3.2.9) lib/active_record/connection_adapters/abstract/connection_pool.rb:242:in `checkout'
  /System/Library/Frameworks/Ruby.framework/Versions/1.8/usr/lib/ruby/1.8/monitor.rb:242:in `synchronize'
  activerecord (3.2.9) lib/active_record/connection_adapters/abstract/connection_pool.rb:239:in `checkout'
  activerecord (3.2.9) lib/active_record/connection_adapters/abstract/connection_pool.rb:102:in `connection'
  /System/Library/Frameworks/Ruby.framework/Versions/1.8/usr/lib/ruby/1.8/monitor.rb:242:in `synchronize'
  activerecord (3.2.9) lib/active_record/connection_adapters/abstract/connection_pool.rb:101:in `connection'
  activerecord (3.2.9) lib/active_record/connection_adapters/abstract/connection_pool.rb:410:in `retrieve_connection'
  activerecord (3.2.9) lib/active_record/connection_adapters/abstract/connection_specification.rb:171:in `retrieve_connection'
  activerecord (3.2.9) lib/active_record/connection_adapters/abstract/connection_specification.rb:145:in `connection'
  activerecord (3.2.9) lib/active_record/query_cache.rb:67:in `call'
  activerecord (3.2.9) lib/active_record/connection_adapters/abstract/connection_pool.rb:479:in `call'
  actionpack (3.2.9) lib/action_dispatch/middleware/callbacks.rb:28:in `call'
  activesupport (3.2.9) lib/active_support/callbacks.rb:405:in `_run__511284299__call__4__callbacks'
  activesupport (3.2.9) lib/active_support/callbacks.rb:405:in `send'
  activesupport (3.2.9) lib/active_support/callbacks.rb:405:in `__run_callback'
  activesupport (3.2.9) lib/active_support/callbacks.rb:385:in `_run_call_callbacks'
  activesupport (3.2.9) lib/active_support/callbacks.rb:81:in `send'
  activesupport (3.2.9) lib/active_support/callbacks.rb:81:in `run_callbacks'
  actionpack (3.2.9) lib/action_dispatch/middleware/callbacks.rb:27:in `call'
  actionpack (3.2.9) lib/action_dispatch/middleware/reloader.rb:65:in `call'
  actionpack (3.2.9) lib/action_dispatch/middleware/remote_ip.rb:31:in `call'
  actionpack (3.2.9) lib/action_dispatch/middleware/debug_exceptions.rb:16:in `call'
  actionpack (3.2.9) lib/action_dispatch/middleware/show_exceptions.rb:56:in `call'
  railties (3.2.9) lib/rails/rack/logger.rb:32:in `call_app'
  railties (3.2.9) lib/rails/rack/logger.rb:16:in `call'
  activesupport (3.2.9) lib/active_support/tagged_logging.rb:22:in `tagged'
  railties (3.2.9) lib/rails/rack/logger.rb:16:in `call'
  actionpack (3.2.9) lib/action_dispatch/middleware/request_id.rb:22:in `call'
  rack (1.4.1) lib/rack/methodoverride.rb:21:in `call'
  rack (1.4.1) lib/rack/runtime.rb:17:in `call'
  activesupport (3.2.9) lib/active_support/cache/strategy/local_cache.rb:72:in `call'
  rack (1.4.1) lib/rack/lock.rb:15:in `call'
  actionpack (3.2.9) lib/action_dispatch/middleware/static.rb:62:in `call'
  railties (3.2.9) lib/rails/engine.rb:479:in `call'
  railties (3.2.9) lib/rails/application.rb:223:in `call'
  rack (1.4.1) lib/rack/content_length.rb:14:in `call'
  railties (3.2.9) lib/rails/rack/log_tailer.rb:17:in `call'
  rack (1.4.1) lib/rack/handler/webrick.rb:59:in `service'
  /System/Library/Frameworks/Ruby.framework/Versions/1.8/usr/lib/ruby/1.8/webrick/httpserver.rb:104:in `service'
  /System/Library/Frameworks/Ruby.framework/Versions/1.8/usr/lib/ruby/1.8/webrick/httpserver.rb:65:in `run'
  /System/Library/Frameworks/Ruby.framework/Versions/1.8/usr/lib/ruby/1.8/webrick/server.rb:173:in `start_thread'
  /System/Library/Frameworks/Ruby.framework/Versions/1.8/usr/lib/ruby/1.8/webrick/server.rb:162:in `start'
  /System/Library/Frameworks/Ruby.framework/Versions/1.8/usr/lib/ruby/1.8/webrick/server.rb:162:in `start_thread'
  /System/Library/Frameworks/Ruby.framework/Versions/1.8/usr/lib/ruby/1.8/webrick/server.rb:95:in `start'
  /System/Library/Frameworks/Ruby.framework/Versions/1.8/usr/lib/ruby/1.8/webrick/server.rb:92:in `each'
  /System/Library/Frameworks/Ruby.framework/Versions/1.8/usr/lib/ruby/1.8/webrick/server.rb:92:in `start'
  /System/Library/Frameworks/Ruby.framework/Versions/1.8/usr/lib/ruby/1.8/webrick/server.rb:23:in `start'
  /System/Library/Frameworks/Ruby.framework/Versions/1.8/usr/lib/ruby/1.8/webrick/server.rb:82:in `start'
  rack (1.4.1) lib/rack/handler/webrick.rb:13:in `run'
  rack (1.4.1) lib/rack/server.rb:265:in `start'
  railties (3.2.9) lib/rails/commands/server.rb:70:in `start'
  railties (3.2.9) lib/rails/commands.rb:55
  railties (3.2.9) lib/rails/commands.rb:50:in `tap'
  railties (3.2.9) lib/rails/commands.rb:50
  script/rails:6:in `require'
  script/rails:6


  Rendered /Library/Ruby/Gems/1.8/gems/actionpack-3.2.9/lib/action_dispatch/middleware/templates/rescues/_trace.erb (4.6ms)
  Rendered /Library/Ruby/Gems/1.8/gems/actionpack-3.2.9/lib/action_dispatch/middleware/templates/rescues/_request_and_response.erb (2.3ms)
  Rendered /Library/Ruby/Gems/1.8/gems/actionpack-3.2.9/lib/action_dispatch/middleware/templates/rescues/diagnostics.erb within rescues/layout (21.5ms)
Connecting to database specified by database.yml
Connecting to database specified by database.yml
Connecting to database specified by database.yml
  [1m[36m (252.1ms)[0m  [1mCREATE TABLE `schema_migrations` (`version` varchar(255) NOT NULL) ENGINE=InnoDB[0m
  [1m[35m (297.8ms)[0m  CREATE UNIQUE INDEX `unique_schema_migrations` ON `schema_migrations` (`version`)
  [1m[36m (0.4ms)[0m  [1mSELECT `schema_migrations`.`version` FROM `schema_migrations` [0m
Migrating to CreateCompanies (20121126090327)
  [1m[35m (120.9ms)[0m  CREATE TABLE `companies` (`id` int(11) DEFAULT NULL auto_increment PRIMARY KEY, `name` varchar(255), `url` varchar(255), `email` varchar(255), `created_at` datetime NOT NULL, `updated_at` datetime NOT NULL) ENGINE=InnoDB
  [1m[36m (50.1ms)[0m  [1mINSERT INTO `schema_migrations` (`version`) VALUES ('20121126090327')[0m
  [1m[35m (0.2ms)[0m  SELECT `schema_migrations`.`version` FROM `schema_migrations` 


Started GET "/assets/rails.png" for 127.0.0.1 at Mon Nov 26 10:05:08 +0100 2012
Connecting to database specified by database.yml
Served asset /rails.png - 200 OK (7ms)


Started GET "/company" for 127.0.0.1 at Mon Nov 26 10:05:33 +0100 2012

ActionController::RoutingError (No route matches [GET] "/company"):
  actionpack (3.2.9) lib/action_dispatch/middleware/debug_exceptions.rb:21:in `call'
  actionpack (3.2.9) lib/action_dispatch/middleware/show_exceptions.rb:56:in `call'
  railties (3.2.9) lib/rails/rack/logger.rb:32:in `call_app'
  railties (3.2.9) lib/rails/rack/logger.rb:16:in `call'
  activesupport (3.2.9) lib/active_support/tagged_logging.rb:22:in `tagged'
  railties (3.2.9) lib/rails/rack/logger.rb:16:in `call'
  actionpack (3.2.9) lib/action_dispatch/middleware/request_id.rb:22:in `call'
  rack (1.4.1) lib/rack/methodoverride.rb:21:in `call'
  rack (1.4.1) lib/rack/runtime.rb:17:in `call'
  activesupport (3.2.9) lib/active_support/cache/strategy/local_cache.rb:72:in `call'
  rack (1.4.1) lib/rack/lock.rb:15:in `call'
  actionpack (3.2.9) lib/action_dispatch/middleware/static.rb:62:in `call'
  railties (3.2.9) lib/rails/engine.rb:479:in `call'
  railties (3.2.9) lib/rails/application.rb:223:in `call'
  rack (1.4.1) lib/rack/content_length.rb:14:in `call'
  railties (3.2.9) lib/rails/rack/log_tailer.rb:17:in `call'
  rack (1.4.1) lib/rack/handler/webrick.rb:59:in `service'
  /System/Library/Frameworks/Ruby.framework/Versions/1.8/usr/lib/ruby/1.8/webrick/httpserver.rb:104:in `service'
  /System/Library/Frameworks/Ruby.framework/Versions/1.8/usr/lib/ruby/1.8/webrick/httpserver.rb:65:in `run'
  /System/Library/Frameworks/Ruby.framework/Versions/1.8/usr/lib/ruby/1.8/webrick/server.rb:173:in `start_thread'
  /System/Library/Frameworks/Ruby.framework/Versions/1.8/usr/lib/ruby/1.8/webrick/server.rb:162:in `start'
  /System/Library/Frameworks/Ruby.framework/Versions/1.8/usr/lib/ruby/1.8/webrick/server.rb:162:in `start_thread'
  /System/Library/Frameworks/Ruby.framework/Versions/1.8/usr/lib/ruby/1.8/webrick/server.rb:95:in `start'
  /System/Library/Frameworks/Ruby.framework/Versions/1.8/usr/lib/ruby/1.8/webrick/server.rb:92:in `each'
  /System/Library/Frameworks/Ruby.framework/Versions/1.8/usr/lib/ruby/1.8/webrick/server.rb:92:in `start'
  /System/Library/Frameworks/Ruby.framework/Versions/1.8/usr/lib/ruby/1.8/webrick/server.rb:23:in `start'
  /System/Library/Frameworks/Ruby.framework/Versions/1.8/usr/lib/ruby/1.8/webrick/server.rb:82:in `start'
  rack (1.4.1) lib/rack/handler/webrick.rb:13:in `run'
  rack (1.4.1) lib/rack/server.rb:265:in `start'
  railties (3.2.9) lib/rails/commands/server.rb:70:in `start'
  railties (3.2.9) lib/rails/commands.rb:55
  railties (3.2.9) lib/rails/commands.rb:50:in `tap'
  railties (3.2.9) lib/rails/commands.rb:50
  script/rails:6:in `require'
  script/rails:6


  Rendered /Library/Ruby/Gems/1.8/gems/actionpack-3.2.9/lib/action_dispatch/middleware/templates/rescues/routing_error.erb within rescues/layout (1.7ms)


Started GET "/" for 127.0.0.1 at Mon Nov 26 10:09:53 +0100 2012
Connecting to database specified by database.yml
Processing by CompaniesController#index as HTML
  [1m[36mCompany Load (0.2ms)[0m  [1mSELECT `companies`.* FROM `companies` [0m
  Rendered companies/index.html.erb within layouts/application (3.0ms)
Compiled companies.css  (30ms)  (pid 8218)
Compiled scaffolds.css  (121ms)  (pid 8218)
Compiled application.css  (183ms)  (pid 8218)
Compiled jquery.js  (7ms)  (pid 8218)
Compiled jquery_ujs.js  (1ms)  (pid 8218)
Compiled companies.js  (215ms)  (pid 8218)
Compiled application.js  (389ms)  (pid 8218)
Completed 200 OK in 897ms (Views: 853.6ms | ActiveRecord: 2.6ms)


Started GET "/assets/companies.css?body=1" for 127.0.0.1 at Mon Nov 26 10:09:54 +0100 2012
Served asset /companies.css - 200 OK (3ms)


Started GET "/assets/application.css?body=1" for 127.0.0.1 at Mon Nov 26 10:09:54 +0100 2012
Served asset /application.css - 200 OK (7ms)


Started GET "/assets/jquery.js?body=1" for 127.0.0.1 at Mon Nov 26 10:09:54 +0100 2012
Served asset /jquery.js - 200 OK (4ms)


Started GET "/assets/scaffolds.css?body=1" for 127.0.0.1 at Mon Nov 26 10:09:54 +0100 2012
Served asset /scaffolds.css - 200 OK (4ms)


Started GET "/assets/jquery_ujs.js?body=1" for 127.0.0.1 at Mon Nov 26 10:09:54 +0100 2012
Served asset /jquery_ujs.js - 200 OK (4ms)


Started GET "/assets/companies.js?body=1" for 127.0.0.1 at Mon Nov 26 10:09:54 +0100 2012
Served asset /companies.js - 200 OK (2ms)


Started GET "/assets/application.js?body=1" for 127.0.0.1 at Mon Nov 26 10:09:54 +0100 2012
Served asset /application.js - 200 OK (17ms)


Started GET "/companies/new" for 127.0.0.1 at Mon Nov 26 10:09:57 +0100 2012
Processing by CompaniesController#new as HTML
  Rendered companies/_form.html.erb (25.3ms)
  Rendered companies/new.html.erb within layouts/application (82.1ms)
Completed 200 OK in 126ms (Views: 118.6ms | ActiveRecord: 0.0ms)


Started POST "/companies" for 127.0.0.1 at Mon Nov 26 10:10:18 +0100 2012
Processing by CompaniesController#create as HTML
  Parameters: {"utf8"=>"✓", "company"=>{"name"=>"sconcept", "email"=>"claudio@sconcept.com.br", "url"=>"www.sconcept.com.br"}, "commit"=>"Create Company", "authenticity_token"=>"7mppmCqxhurAxLIyDTavSdTi1t0Cd+CRgmhKm1r/ALI="}
  [1m[35m (44.3ms)[0m  BEGIN
  [1m[36mSQL (15.9ms)[0m  [1mINSERT INTO `companies` (`created_at`, `email`, `name`, `updated_at`, `url`) VALUES ('2012-11-26 09:10:18', 'claudio@sconcept.com.br', 'sconcept', '2012-11-26 09:10:18', 'www.sconcept.com.br')[0m
  [1m[35m (0.4ms)[0m  COMMIT
Redirected to http://localhost:3000/companies/1
Completed 302 Found in 207ms (ActiveRecord: 60.6ms)


Started GET "/companies/1" for 127.0.0.1 at Mon Nov 26 10:10:18 +0100 2012
Processing by CompaniesController#show as HTML
  Parameters: {"id"=>"1"}
  [1m[36mCompany Load (25.8ms)[0m  [1mSELECT `companies`.* FROM `companies` WHERE `companies`.`id` = 1 LIMIT 1[0m
  Rendered companies/show.html.erb within layouts/application (2.9ms)
Completed 200 OK in 45ms (Views: 17.0ms | ActiveRecord: 25.8ms)


Started GET "/companies" for 127.0.0.1 at Mon Nov 26 10:10:22 +0100 2012
Processing by CompaniesController#index as HTML
  [1m[35mCompany Load (0.4ms)[0m  SELECT `companies`.* FROM `companies` 
  Rendered companies/index.html.erb within layouts/application (2.1ms)
Completed 200 OK in 12ms (Views: 8.2ms | ActiveRecord: 0.4ms)
